2025-01-30 17:55:10,001 - api.main - INFO - New task b525de61-e521-44cb-8a10-80bec3becae7 for URL: https://www.google.com/search?q=test
2025-01-30 17:55:10,001 - api.main - ERROR - Task b525de61-e521-44cb-8a10-80bec3becae7 failed: name 'BypassHandler' is not defined
2025-01-30 17:58:30,470 - api.main - INFO - New task tk_117200f466e39845e6167f00 for URL: https://www.google.com/search?q=test
2025-01-30 17:58:30,471 - api.main - ERROR - Task tk_117200f466e39845e6167f00 failed: name 'BypassHandler' is not defined
2025-01-30 18:02:12,072 - api.main - INFO - New task tk_30e925a596c1069dc5c82ab7 for URL: https://www.google.com/search?q=test
2025-01-30 18:02:12,072 - api.main - ERROR - Task tk_30e925a596c1069dc5c82ab7 failed: name 'BypassHandler' is not defined
2025-01-30 18:02:12,076 - api.main - INFO - New task tk_491d6ac9e36e740d60e97577 for URL: https://www.google.com/search?q=test
2025-01-30 18:02:12,076 - api.main - ERROR - Task tk_491d6ac9e36e740d60e97577 failed: name 'BypassHandler' is not defined
2025-01-30 18:10:52,264 - api.main - INFO - New task tk_1b015e5e2069949c0019b6d1 for URL: https://www.google.com/search?q=test query
2025-01-30 18:10:52,265 - api.main - ERROR - Task tk_1b015e5e2069949c0019b6d1 failed: name 'BypassHandler' is not defined
2025-01-30 18:18:28,394 - api.main - INFO - New task tk_a92dc85f958c718865ef412b for URL: https://www.google.com/search?q=test query
2025-01-30 18:18:28,394 - api.main - ERROR - Task tk_a92dc85f958c718865ef412b failed: ChromeManager.__init__() missing 2 required positional arguments: 'extension_path' and 'user_data_dir'
2025-01-30 18:19:05,726 - api.main - INFO - New task tk_47ae09f9d197c00cf227e21e for URL: https://www.google.com/search?q=test query
2025-01-30 18:19:05,726 - api.main - ERROR - Task tk_47ae09f9d197c00cf227e21e failed: ChromeManager.__init__() missing 2 required positional arguments: 'extension_path' and 'user_data_dir'
2025-01-30 18:20:22,756 - api.main - INFO - New task tk_044230798472a66b4f8e7ecd for URL: https://www.google.com/search?q=test query
2025-01-30 18:21:34,073 - api.main - ERROR - Task tk_044230798472a66b4f8e7ecd failed: HTTPConnectionPool(host='localhost', port=55401): Max retries exceeded with url: /json/version (Caused by NewConnectionError('<urllib3.connection.HTTPConnection object at 0x102eb1810>: Failed to establish a new connection: [Errno 61] Connection refused'))
2025-01-31 14:56:37,866 - api.main - INFO - New task tk_789a75de827607ef6875c026 for URL: https://www.google.com/search?q=pizza
2025-01-31 14:56:47,058 - api.main - ERROR - Task tk_789a75de827607ef6875c026 failed: HTTPConnectionPool(host='localhost', port=36149): Max retries exceeded with url: /json/version (Caused by NewConnectionError('<urllib3.connection.HTTPConnection object at 0x102221760>: Failed to establish a new connection: [Errno 61] Connection refused'))
2025-01-31 20:34:38,578 - api.main - INFO - New task tk_1d490c3dfbfbce6a74e5b41e for URL: https://www.google.com/search?q=test+query
2025-01-31 20:34:38,579 - api.main - ERROR - Task tk_1d490c3dfbfbce6a74e5b41e failed: __init__() missing 1 required positional argument: 'task_id'
2025-01-31 20:36:43,287 - api.main - INFO - New task 68a422264111a8b16fe2529413f133f82536d390 for URL: https://www.google.com/search?q=test+query
2025-01-31 20:36:43,288 - api.main - ERROR - Task 68a422264111a8b16fe2529413f133f82536d390 failed: __init__() missing 1 required positional argument: 'task_id'
2025-01-31 20:37:39,977 - api.main - INFO - New task 7963dac38839ff8a6f172097e8b5835c26abc808 for URL: https://www.google.com/search?q=test+query
2025-01-31 20:37:49,941 - api.main - ERROR - Task 7963dac38839ff8a6f172097e8b5835c26abc808 failed: __init__() missing 1 required positional argument: 'task_id'
2025-01-31 20:39:07,969 - api.main - INFO - New task af85eddd811e5056b2dc7ff0d3525ee4f2ad0fda for URL: https://www.google.com/search?q=test+query
2025-01-31 20:39:38,777 - api.main - INFO - New task 76f2442526b8d43b57a4ea74d45dd1976e7af47d for URL: https://www.google.com/search?q=test+query
2025-01-31 20:39:38,777 - api.main - ERROR - Task 76f2442526b8d43b57a4ea74d45dd1976e7af47d failed: __init__() missing 1 required positional argument: 'task_id'
2025-01-31 20:40:06,569 - api.main - INFO - New task 48e29e0c803b75f4a037aaff8702fd07bb86b918 for URL: https://www.google.com/search?q=test+query
2025-01-31 20:40:06,569 - api.main - ERROR - Task 48e29e0c803b75f4a037aaff8702fd07bb86b918 failed: __init__() missing 1 required positional argument: 'task_id'
2025-01-31 20:41:04,059 - api.main - INFO - New task 47a9c504b5a42559f4f598b1a217c13cc0f9b5e1 for URL: https://www.google.com/search?q=test+query
2025-01-31 20:41:04,059 - api.main - ERROR - Task 47a9c504b5a42559f4f598b1a217c13cc0f9b5e1 failed: __init__() missing 1 required positional argument: 'task_id'
2025-01-31 20:41:16,523 - api.main - INFO - New task 6fc4b2907226e2eada051420a08266044d3b0bd3 for URL: https://www.google.com/search?q=test+query
2025-01-31 20:41:16,523 - api.main - ERROR - Task 6fc4b2907226e2eada051420a08266044d3b0bd3 failed: __init__() missing 1 required positional argument: 'task_id'
2025-01-31 20:42:04,467 - api.main - INFO - New task 365d0921411ee04e4c8160e5819afa6b5689f840 for URL: https://www.google.com/search?q=test+query
2025-01-31 20:42:28,213 - pychrome.tab - ERROR - websocket exception
Traceback (most recent call last):
  File "/Users/administrator/Library/Python/3.9/lib/python/site-packages/pychrome/tab.py", line 121, in _recv_loop
    message_json = self._ws.recv()
  File "/Users/administrator/Library/Python/3.9/lib/python/site-packages/websocket/_core.py", line 388, in recv
    opcode, data = self.recv_data()
  File "/Users/administrator/Library/Python/3.9/lib/python/site-packages/websocket/_core.py", line 416, in recv_data
    opcode, frame = self.recv_data_frame(control_frame)
  File "/Users/administrator/Library/Python/3.9/lib/python/site-packages/websocket/_core.py", line 437, in recv_data_frame
    frame = self.recv_frame()
  File "/Users/administrator/Library/Python/3.9/lib/python/site-packages/websocket/_core.py", line 478, in recv_frame
    return self.frame_buffer.recv_frame()
  File "/Users/administrator/Library/Python/3.9/lib/python/site-packages/websocket/_abnf.py", line 363, in recv_frame
    self.recv_header()
  File "/Users/administrator/Library/Python/3.9/lib/python/site-packages/websocket/_abnf.py", line 319, in recv_header
    header = self.recv_strict(2)
  File "/Users/administrator/Library/Python/3.9/lib/python/site-packages/websocket/_abnf.py", line 398, in recv_strict
    bytes_ = self.recv(min(16384, shortage))
  File "/Users/administrator/Library/Python/3.9/lib/python/site-packages/websocket/_core.py", line 563, in _recv
    return recv(self.sock, bufsize)
  File "/Users/administrator/Library/Python/3.9/lib/python/site-packages/websocket/_socket.py", line 132, in recv
    raise WebSocketConnectionClosedException("Connection to remote host was lost.")
websocket._exceptions.WebSocketConnectionClosedException: Connection to remote host was lost.
2025-01-31 20:42:29,422 - api.main - INFO - Task 365d0921411ee04e4c8160e5819afa6b5689f840 completed successfully
2025-01-31 20:43:41,140 - api.main - INFO - New task e0dc22311b56a9746ac9e9323767a6f978baebc4 for URL: https://www.google.com/search?q=crabcrab
2025-01-31 20:44:04,508 - pychrome.tab - ERROR - websocket exception
Traceback (most recent call last):
  File "/Users/administrator/Library/Python/3.9/lib/python/site-packages/pychrome/tab.py", line 121, in _recv_loop
    message_json = self._ws.recv()
  File "/Users/administrator/Library/Python/3.9/lib/python/site-packages/websocket/_core.py", line 388, in recv
    opcode, data = self.recv_data()
  File "/Users/administrator/Library/Python/3.9/lib/python/site-packages/websocket/_core.py", line 416, in recv_data
    opcode, frame = self.recv_data_frame(control_frame)
  File "/Users/administrator/Library/Python/3.9/lib/python/site-packages/websocket/_core.py", line 437, in recv_data_frame
    frame = self.recv_frame()
  File "/Users/administrator/Library/Python/3.9/lib/python/site-packages/websocket/_core.py", line 478, in recv_frame
    return self.frame_buffer.recv_frame()
  File "/Users/administrator/Library/Python/3.9/lib/python/site-packages/websocket/_abnf.py", line 363, in recv_frame
    self.recv_header()
  File "/Users/administrator/Library/Python/3.9/lib/python/site-packages/websocket/_abnf.py", line 319, in recv_header
    header = self.recv_strict(2)
  File "/Users/administrator/Library/Python/3.9/lib/python/site-packages/websocket/_abnf.py", line 398, in recv_strict
    bytes_ = self.recv(min(16384, shortage))
  File "/Users/administrator/Library/Python/3.9/lib/python/site-packages/websocket/_core.py", line 563, in _recv
    return recv(self.sock, bufsize)
  File "/Users/administrator/Library/Python/3.9/lib/python/site-packages/websocket/_socket.py", line 132, in recv
    raise WebSocketConnectionClosedException("Connection to remote host was lost.")
websocket._exceptions.WebSocketConnectionClosedException: Connection to remote host was lost.
2025-01-31 20:44:05,513 - api.main - INFO - Task e0dc22311b56a9746ac9e9323767a6f978baebc4 completed successfully
